<?xml version="1.0" encoding="UTF-8"?>
<testsuite xmlns:xsi="http://www.w3.org/2001/XMLSchema-instance" xsi:noNamespaceSchemaLocation="https://maven.apache.org/surefire/maven-surefire-plugin/xsd/surefire-test-report-3.0.xsd" version="3.0" name="org.example.ShoppingCartTest" time="0.327" tests="22" errors="4" skipped="0" failures="0">
  <properties>
[...]
</properties>
  <testcase name="calculatePriceForSpider_red_sticky" classname="org.example.ShoppingCartTest" time="0.086"/>
  <testcase name="calculatePriceForSpider_gold" classname="org.example.ShoppingCartTest" time="0.003"/>
  <testcase name="calculatePriceForMagicCards_black_lotus" classname="org.example.ShoppingCartTest" time="0.002"/>
  <testcase name="calculatePriceForCat" classname="org.example.ShoppingCartTest" time="0.007"/>
  <testcase name="calculatePriceForDog" classname="org.example.ShoppingCartTest" time="0.005"/>
  <testcase name="calculatePriceForFish_blue" classname="org.example.ShoppingCartTest" time="0.002"/>
  <testcase name="calculatePriceForFish_gold" classname="org.example.ShoppingCartTest" time="0.003"/>
  <testcase name="calculatePriceForSpider_gold_sticky" classname="org.example.ShoppingCartTest" time="0.003"/>
  <testcase name="calculatePriceForCanary" classname="org.example.ShoppingCartTest" time="0.002"/>
  <testcase name="calculatePriceForCheese" classname="org.example.ShoppingCartTest" time="0.003"/>
  <testcase name="calculatePriceForSpider_red" classname="org.example.ShoppingCartTest" time="0.004"/>
  <testcase name="calculatePriceForMagicCards_black" classname="org.example.ShoppingCartTest" time="0.021">
    <error message="Cannot invoke &quot;java.lang.Integer.intValue()&quot; because the return value of &quot;org.example.Product.getAge()&quot; is null" type="java.lang.NullPointerException"><![CDATA[java.lang.NullPointerException: Cannot invoke "java.lang.Integer.intValue()" because the return value of "org.example.Product.getAge()" is null
	at org.example.ShoppingCart.calculatePrice(ShoppingCart.java:49)
	at java.base/java.util.stream.ReferencePipeline$3$1.accept(ReferencePipeline.java:197)
	at java.base/java.util.ArrayList$ArrayListSpliterator.forEachRemaining(ArrayList.java:1625)
	at java.base/java.util.stream.AbstractPipeline.copyInto(AbstractPipeline.java:509)
	at java.base/java.util.stream.AbstractPipeline.wrapAndCopyInto(AbstractPipeline.java:499)
	at java.base/java.util.stream.ReduceOps$ReduceOp.evaluateSequential(ReduceOps.java:921)
	at java.base/java.util.stream.AbstractPipeline.evaluate(AbstractPipeline.java:234)
	at java.base/java.util.stream.ReferencePipeline.reduce(ReferencePipeline.java:657)
	at org.example.ShoppingCart.getTotalPrice(ShoppingCart.java:18)
	at org.example.ShoppingCartTest.calculatePriceForMagicCards_black(ShoppingCartTest.java:52)
	at java.base/java.lang.reflect.Method.invoke(Method.java:568)
	at java.base/java.util.ArrayList.forEach(ArrayList.java:1511)
	at java.base/java.util.ArrayList.forEach(ArrayList.java:1511)
]]></error>
  </testcase>
  <testcase name="calculatePriceForMagicCards_green" classname="org.example.ShoppingCartTest" time="0.005">
    <error message="Cannot invoke &quot;java.lang.Integer.intValue()&quot; because the return value of &quot;org.example.Product.getAge()&quot; is null" type="java.lang.NullPointerException"><![CDATA[java.lang.NullPointerException: Cannot invoke "java.lang.Integer.intValue()" because the return value of "org.example.Product.getAge()" is null
	at org.example.ShoppingCart.calculatePrice(ShoppingCart.java:48)
	at java.base/java.util.stream.ReferencePipeline$3$1.accept(ReferencePipeline.java:197)
	at java.base/java.util.ArrayList$ArrayListSpliterator.forEachRemaining(ArrayList.java:1625)
	at java.base/java.util.stream.AbstractPipeline.copyInto(AbstractPipeline.java:509)
	at java.base/java.util.stream.AbstractPipeline.wrapAndCopyInto(AbstractPipeline.java:499)
	at java.base/java.util.stream.ReduceOps$ReduceOp.evaluateSequential(ReduceOps.java:921)
	at java.base/java.util.stream.AbstractPipeline.evaluate(AbstractPipeline.java:234)
	at java.base/java.util.stream.ReferencePipeline.reduce(ReferencePipeline.java:657)
	at org.example.ShoppingCart.getTotalPrice(ShoppingCart.java:18)
	at org.example.ShoppingCartTest.calculatePriceForMagicCards_green(ShoppingCartTest.java:41)
	at java.base/java.lang.reflect.Method.invoke(Method.java:568)
	at java.base/java.util.ArrayList.forEach(ArrayList.java:1511)
	at java.base/java.util.ArrayList.forEach(ArrayList.java:1511)
]]></error>
  </testcase>
  <testcase name="calculatePriceForSpider" classname="org.example.ShoppingCartTest" time="0.003"/>
  <testcase name="calculatePriceForMagicOldCards_red" classname="org.example.ShoppingCartTest" time="0.005"/>
  <testcase name="calculatePriceForSpider_stinky" classname="org.example.ShoppingCartTest" time="0.002"/>
  <testcase name="calculatePriceForMagicCards_blue" classname="org.example.ShoppingCartTest" time="0.011">
    <error message="Cannot invoke &quot;java.lang.Integer.intValue()&quot; because the return value of &quot;org.example.Product.getAge()&quot; is null" type="java.lang.NullPointerException"><![CDATA[java.lang.NullPointerException: Cannot invoke "java.lang.Integer.intValue()" because the return value of "org.example.Product.getAge()" is null
	at org.example.ShoppingCart.calculatePrice(ShoppingCart.java:46)
	at java.base/java.util.stream.ReferencePipeline$3$1.accept(ReferencePipeline.java:197)
	at java.base/java.util.ArrayList$ArrayListSpliterator.forEachRemaining(ArrayList.java:1625)
	at java.base/java.util.stream.AbstractPipeline.copyInto(AbstractPipeline.java:509)
	at java.base/java.util.stream.AbstractPipeline.wrapAndCopyInto(AbstractPipeline.java:499)
	at java.base/java.util.stream.ReduceOps$ReduceOp.evaluateSequential(ReduceOps.java:921)
	at java.base/java.util.stream.AbstractPipeline.evaluate(AbstractPipeline.java:234)
	at java.base/java.util.stream.ReferencePipeline.reduce(ReferencePipeline.java:657)
	at org.example.ShoppingCart.getTotalPrice(ShoppingCart.java:18)
	at org.example.ShoppingCartTest.calculatePriceForMagicCards_blue(ShoppingCartTest.java:29)
	at java.base/java.lang.reflect.Method.invoke(Method.java:568)
	at java.base/java.util.ArrayList.forEach(ArrayList.java:1511)
	at java.base/java.util.ArrayList.forEach(ArrayList.java:1511)
]]></error>
  </testcase>
  <testcase name="calculatePriceForWine" classname="org.example.ShoppingCartTest" time="0.002"/>
  <testcase name="calculatePriceForMagicCards_red" classname="org.example.ShoppingCartTest" time="0.003">
    <error message="Cannot invoke &quot;java.lang.Integer.intValue()&quot; because the return value of &quot;org.example.Product.getAge()&quot; is null" type="java.lang.NullPointerException"><![CDATA[java.lang.NullPointerException: Cannot invoke "java.lang.Integer.intValue()" because the return value of "org.example.Product.getAge()" is null
	at org.example.ShoppingCart.calculatePrice(ShoppingCart.java:47)
	at java.base/java.util.stream.ReferencePipeline$3$1.accept(ReferencePipeline.java:197)
	at java.base/java.util.ArrayList$ArrayListSpliterator.forEachRemaining(ArrayList.java:1625)
	at java.base/java.util.stream.AbstractPipeline.copyInto(AbstractPipeline.java:509)
	at java.base/java.util.stream.AbstractPipeline.wrapAndCopyInto(AbstractPipeline.java:499)
	at java.base/java.util.stream.ReduceOps$ReduceOp.evaluateSequential(ReduceOps.java:921)
	at java.base/java.util.stream.AbstractPipeline.evaluate(AbstractPipeline.java:234)
	at java.base/java.util.stream.ReferencePipeline.reduce(ReferencePipeline.java:657)
	at org.example.ShoppingCart.getTotalPrice(ShoppingCart.java:18)
	at org.example.ShoppingCartTest.calculatePriceForMagicCards_red(ShoppingCartTest.java:17)
	at java.base/java.lang.reflect.Method.invoke(Method.java:568)
	at java.base/java.util.ArrayList.forEach(ArrayList.java:1511)
	at java.base/java.util.ArrayList.forEach(ArrayList.java:1511)
]]></error>
  </testcase>
  <testcase name="calculatePriceForMagicOldCards_blue" classname="org.example.ShoppingCartTest" time="0.002"/>
  <testcase name="calculatePriceForMagicOldCards_black" classname="org.example.ShoppingCartTest" time="0.003"/>
  <testcase name="calculatePriceForMagicOldCards_green" classname="org.example.ShoppingCartTest" time="0.002"/>
</testsuite>